{"/Users/pichy.kh/Desktop/Projects/purrse-expense/src/components/Button.tsx": {"path":"/Users/pichy.kh/Desktop/Projects/purrse-expense/src/components/Button.tsx","all":false,"statementMap":{"0":{"start":{"line":1,"column":0},"end":{"line":1,"column":26}},"2":{"start":{"line":3,"column":0},"end":{"line":3,"column":22}},"17":{"start":{"line":18,"column":0},"end":{"line":18,"column":48}},"18":{"start":{"line":19,"column":0},"end":{"line":19,"column":24}},"19":{"start":{"line":20,"column":0},"end":{"line":20,"column":18}},"20":{"start":{"line":21,"column":0},"end":{"line":21,"column":18}},"21":{"start":{"line":22,"column":0},"end":{"line":22,"column":18}},"22":{"start":{"line":23,"column":0},"end":{"line":23,"column":8}},"23":{"start":{"line":24,"column":0},"end":{"line":24,"column":10}},"24":{"start":{"line":25,"column":0},"end":{"line":25,"column":20}},"25":{"start":{"line":26,"column":0},"end":{"line":26,"column":85}},"26":{"start":{"line":27,"column":0},"end":{"line":27,"column":10}},"27":{"start":{"line":28,"column":0},"end":{"line":28,"column":11}},"28":{"start":{"line":29,"column":0},"end":{"line":29,"column":19}},"29":{"start":{"line":30,"column":0},"end":{"line":30,"column":83}},"30":{"start":{"line":31,"column":0},"end":{"line":31,"column":33}},"31":{"start":{"line":32,"column":0},"end":{"line":32,"column":16}},"33":{"start":{"line":34,"column":0},"end":{"line":34,"column":13}},"36":{"start":{"line":37,"column":0},"end":{"line":37,"column":2}}},"s":{"0":1,"2":1,"17":1,"18":1,"19":1,"20":1,"21":1,"22":1,"23":1,"24":1,"25":1,"26":1,"27":1,"28":1,"29":1,"30":1,"31":1,"33":1,"36":1},"branchMap":{"0":{"type":"branch","line":19,"loc":{"start":{"line":19,"column":22},"end":{"line":37,"column":2}},"locations":[{"start":{"line":19,"column":22},"end":{"line":37,"column":2}}]},"1":{"type":"branch","line":26,"loc":{"start":{"line":26,"column":15},"end":{"line":26,"column":55}},"locations":[{"start":{"line":26,"column":15},"end":{"line":26,"column":55}}]}},"b":{"0":[1],"1":[0]},"fnMap":{"0":{"name":"Button","decl":{"start":{"line":19,"column":22},"end":{"line":37,"column":2}},"loc":{"start":{"line":19,"column":22},"end":{"line":37,"column":2}},"line":19}},"f":{"0":1}}
}
